<?xml version="1.0" encoding="UTF-8"?>
<testsuite name="com.notifications.DlqIntegrationTest" tests="3" skipped="0" failures="0" errors="0" timestamp="2026-08-18T17:13:21.938Z" hostname="Snehas-MacBook-Pro.local" time="2.582">
  <properties/>
  <testcase name="permanentFailure_goesStraightToFailedAndDlq_withoutRetrying()" classname="com.notifications.DlqIntegrationTest" time="0.58"/>
  <testcase name="replay_resetsAttemptsAndRedispatches()" classname="com.notifications.DlqIntegrationTest" time="1.443"/>
  <testcase name="retryableFailure_exhaustsRetryBudget_thenLandsInDlq()" classname="com.notifications.DlqIntegrationTest" time="0.558"/>
  <system-out><![CDATA[22:43:20.692 [Test worker] INFO org.springframework.test.context.support.AnnotationConfigContextLoaderUtils -- Could not detect default configuration classes for test class [com.notifications.DlqIntegrationTest]: DlqIntegrationTest does not declare any static, non-private, non-final, nested classes annotated with @Configuration.
22:43:20.724 [Test worker] INFO org.springframework.boot.test.context.SpringBootTestContextBootstrapper -- Found @SpringBootConfiguration com.notifications.NotificationSystemApplication for test class com.notifications.DlqIntegrationTest

  .   ____          _            __ _ _
 /\\ / ___'_ __ _ _(_)_ __  __ _ \ \ \ \
( ( )\___ | '_ | '_| | '_ \/ _` | \ \ \ \
 \\/  ___)| |_)| | | | | || (_| |  ) ) ) )
  '  |____| .__|_| |_|_| |_\__, | / / / /
 =========|_|==============|___/=/_/_/_/

 :: Spring Boot ::               (v3.5.16)

2026-08-18T22:43:20.835+05:30  INFO 4528 --- [    Test worker] com.notifications.DlqIntegrationTest     : Starting DlqIntegrationTest using Java 25.0.1 with PID 4528 (started by snehamanohar in /Users/snehamanohar/Projects/notification-system)
2026-08-18T22:43:20.836+05:30  INFO 4528 --- [    Test worker] com.notifications.DlqIntegrationTest     : No active profile set, falling back to 1 default profile: "default"
2026-08-18T22:43:20.997+05:30  INFO 4528 --- [    Test worker] .s.d.r.c.RepositoryConfigurationDelegate : Bootstrapping Spring Data JPA repositories in DEFAULT mode.
2026-08-18T22:43:21.013+05:30  INFO 4528 --- [    Test worker] .s.d.r.c.RepositoryConfigurationDelegate : Finished Spring Data repository scanning in 13 ms. Found 4 JPA repository interfaces.
2026-08-18T22:43:21.150+05:30  INFO 4528 --- [    Test worker] o.s.b.w.embedded.tomcat.TomcatWebServer  : Tomcat initialized with port 0 (http)
2026-08-18T22:43:21.155+05:30  INFO 4528 --- [    Test worker] o.apache.catalina.core.StandardService   : Starting service [Tomcat]
2026-08-18T22:43:21.155+05:30  INFO 4528 --- [    Test worker] o.apache.catalina.core.StandardEngine    : Starting Servlet engine: [Apache Tomcat/10.1.55]
2026-08-18T22:43:21.169+05:30  INFO 4528 --- [    Test worker] o.a.c.c.C.[Tomcat].[localhost].[/]       : Initializing Spring embedded WebApplicationContext
2026-08-18T22:43:21.169+05:30  INFO 4528 --- [    Test worker] w.s.c.ServletWebServerApplicationContext : Root WebApplicationContext: initialization completed in 328 ms
2026-08-18T22:43:21.214+05:30  INFO 4528 --- [    Test worker] o.hibernate.jpa.internal.util.LogHelper  : HHH000204: Processing PersistenceUnitInfo [name: default]
2026-08-18T22:43:21.225+05:30  INFO 4528 --- [    Test worker] org.hibernate.Version                    : HHH000412: Hibernate ORM core version 6.6.53.Final
2026-08-18T22:43:21.234+05:30  INFO 4528 --- [    Test worker] o.h.c.internal.RegionFactoryInitiator    : HHH000026: Second-level cache disabled
2026-08-18T22:43:21.317+05:30  INFO 4528 --- [    Test worker] o.s.o.j.p.SpringPersistenceUnitInfo      : No LoadTimeWeaver setup: ignoring JPA class transformer
2026-08-18T22:43:21.325+05:30  INFO 4528 --- [    Test worker] com.zaxxer.hikari.HikariDataSource       : HikariPool-1 - Starting...
2026-08-18T22:43:21.372+05:30  INFO 4528 --- [    Test worker] com.zaxxer.hikari.pool.HikariPool        : HikariPool-1 - Added connection conn0: url=jdbc:h2:mem:notifications-test user=SA
2026-08-18T22:43:21.373+05:30  INFO 4528 --- [    Test worker] com.zaxxer.hikari.HikariDataSource       : HikariPool-1 - Start completed.
2026-08-18T22:43:21.388+05:30  INFO 4528 --- [    Test worker] org.hibernate.orm.connections.pooling    : HHH10001005: Database info:
	Database JDBC URL [Connecting through datasource 'HikariDataSource (HikariPool-1)']
	Database driver: undefined/unknown
	Database version: 2.3.232
	Autocommit mode: undefined/unknown
	Isolation level: undefined/unknown
	Minimum pool size: undefined/unknown
	Maximum pool size: undefined/unknown
2026-08-18T22:43:21.637+05:30  INFO 4528 --- [    Test worker] o.h.e.t.j.p.i.JtaPlatformInitiator       : HHH000489: No JTA platform available (set 'hibernate.transaction.jta.platform' to enable JTA platform integration)
2026-08-18T22:43:21.654+05:30  INFO 4528 --- [    Test worker] j.LocalContainerEntityManagerFactoryBean : Initialized JPA EntityManagerFactory for persistence unit 'default'
2026-08-18T22:43:21.775+05:30  WARN 4528 --- [    Test worker] JpaBaseConfiguration$JpaWebConfiguration : spring.jpa.open-in-view is enabled by default. Therefore, database queries may be performed during view rendering. Explicitly configure spring.jpa.open-in-view to disable this warning
2026-08-18T22:43:21.933+05:30  INFO 4528 --- [    Test worker] o.s.b.w.embedded.tomcat.TomcatWebServer  : Tomcat started on port 59534 (http) with context path '/'
2026-08-18T22:43:21.937+05:30  INFO 4528 --- [    Test worker] com.notifications.DlqIntegrationTest     : Started DlqIntegrationTest in 1.181 seconds (process running for 1.483)
2026-08-18T22:43:22.210+05:30  INFO 4528 --- [o-auto-1-exec-1] o.a.c.c.C.[Tomcat].[localhost].[/]       : Initializing Spring DispatcherServlet 'dispatcherServlet'
2026-08-18T22:43:22.210+05:30  INFO 4528 --- [o-auto-1-exec-1] o.s.web.servlet.DispatcherServlet        : Initializing Servlet 'dispatcherServlet'
2026-08-18T22:43:22.210+05:30  INFO 4528 --- [o-auto-1-exec-1] o.s.web.servlet.DispatcherServlet        : Completed initialization in 0 ms
2026-08-18T22:43:22.255+05:30  INFO 4528 --- [delivery-worker] c.notifications.decorator.LoggingSender  : Dispatching delivery deliveryId=9730ce25-6050-44c0-ba58-ae7b9d92bc9a notificationId=6801273f-5166-488f-af27-41d0781621cd channel=EMAIL attempt=0
2026-08-18T22:43:22.255+05:30  WARN 4528 --- [delivery-worker] c.notifications.decorator.LoggingSender  : Delivery attempt failed deliveryId=9730ce25-6050-44c0-ba58-ae7b9d92bc9a channel=EMAIL attempt=0 reason=Email provider rejected the request: invalid recipient
2026-08-18T22:43:22.524+05:30  INFO 4528 --- [delivery-worker] c.notifications.decorator.LoggingSender  : Dispatching delivery deliveryId=e735c541-6055-406b-90b7-22f850265c87 notificationId=a2160dbf-d2c6-405c-ab49-9af81866ed82 channel=EMAIL attempt=0
2026-08-18T22:43:22.524+05:30  WARN 4528 --- [delivery-worker] c.notifications.decorator.LoggingSender  : Delivery attempt failed deliveryId=e735c541-6055-406b-90b7-22f850265c87 channel=EMAIL attempt=0 reason=Email provider temporarily unavailable
2026-08-18T22:43:22.627+05:30  INFO 4528 --- [delivery-worker] c.notifications.decorator.LoggingSender  : Dispatching delivery deliveryId=e735c541-6055-406b-90b7-22f850265c87 notificationId=a2160dbf-d2c6-405c-ab49-9af81866ed82 channel=EMAIL attempt=1
2026-08-18T22:43:22.628+05:30  WARN 4528 --- [delivery-worker] c.notifications.decorator.LoggingSender  : Delivery attempt failed deliveryId=e735c541-6055-406b-90b7-22f850265c87 channel=EMAIL attempt=1 reason=Email provider temporarily unavailable
2026-08-18T22:43:22.840+05:30  INFO 4528 --- [delivery-worker] c.notifications.decorator.LoggingSender  : Dispatching delivery deliveryId=e735c541-6055-406b-90b7-22f850265c87 notificationId=a2160dbf-d2c6-405c-ab49-9af81866ed82 channel=EMAIL attempt=2
2026-08-18T22:43:22.841+05:30  WARN 4528 --- [delivery-worker] c.notifications.decorator.LoggingSender  : Delivery attempt failed deliveryId=e735c541-6055-406b-90b7-22f850265c87 channel=EMAIL attempt=2 reason=Email provider temporarily unavailable
2026-08-18T22:43:23.604+05:30  INFO 4528 --- [   scheduling-1] c.n.d.DeliveryReconciliationScheduler    : Republishing 1 stuck PENDING deliveries
2026-08-18T22:43:23.606+05:30  INFO 4528 --- [delivery-worker] c.notifications.decorator.LoggingSender  : Dispatching delivery deliveryId=e735c541-6055-406b-90b7-22f850265c87 notificationId=a2160dbf-d2c6-405c-ab49-9af81866ed82 channel=EMAIL attempt=0
2026-08-18T22:43:23.606+05:30  WARN 4528 --- [delivery-worker] c.notifications.decorator.LoggingSender  : Delivery attempt failed deliveryId=e735c541-6055-406b-90b7-22f850265c87 channel=EMAIL attempt=0 reason=Email provider temporarily unavailable
2026-08-18T22:43:23.714+05:30  INFO 4528 --- [delivery-worker] c.notifications.decorator.LoggingSender  : Dispatching delivery deliveryId=e735c541-6055-406b-90b7-22f850265c87 notificationId=a2160dbf-d2c6-405c-ab49-9af81866ed82 channel=EMAIL attempt=1
2026-08-18T22:43:23.714+05:30  WARN 4528 --- [delivery-worker] c.notifications.decorator.LoggingSender  : Delivery attempt failed deliveryId=e735c541-6055-406b-90b7-22f850265c87 channel=EMAIL attempt=1 reason=Email provider temporarily unavailable
2026-08-18T22:43:23.932+05:30  INFO 4528 --- [delivery-worker] c.notifications.decorator.LoggingSender  : Dispatching delivery deliveryId=e735c541-6055-406b-90b7-22f850265c87 notificationId=a2160dbf-d2c6-405c-ab49-9af81866ed82 channel=EMAIL attempt=2
2026-08-18T22:43:23.933+05:30  WARN 4528 --- [delivery-worker] c.notifications.decorator.LoggingSender  : Delivery attempt failed deliveryId=e735c541-6055-406b-90b7-22f850265c87 channel=EMAIL attempt=2 reason=Email provider temporarily unavailable
2026-08-18T22:43:23.970+05:30  INFO 4528 --- [delivery-worker] c.notifications.decorator.LoggingSender  : Dispatching delivery deliveryId=67025303-b462-47f1-9791-3140b0a3c71a notificationId=a3a3f31c-95ff-4cc3-b97c-7e3d8fbea67f channel=EMAIL attempt=0
2026-08-18T22:43:23.970+05:30  WARN 4528 --- [delivery-worker] c.notifications.decorator.LoggingSender  : Delivery attempt failed deliveryId=67025303-b462-47f1-9791-3140b0a3c71a channel=EMAIL attempt=0 reason=Email provider temporarily unavailable
2026-08-18T22:43:24.144+05:30  INFO 4528 --- [delivery-worker] c.notifications.decorator.LoggingSender  : Dispatching delivery deliveryId=67025303-b462-47f1-9791-3140b0a3c71a notificationId=a3a3f31c-95ff-4cc3-b97c-7e3d8fbea67f channel=EMAIL attempt=1
2026-08-18T22:43:24.145+05:30  WARN 4528 --- [delivery-worker] c.notifications.decorator.LoggingSender  : Delivery attempt failed deliveryId=67025303-b462-47f1-9791-3140b0a3c71a channel=EMAIL attempt=1 reason=Email provider temporarily unavailable
2026-08-18T22:43:24.355+05:30  INFO 4528 --- [delivery-worker] c.notifications.decorator.LoggingSender  : Dispatching delivery deliveryId=67025303-b462-47f1-9791-3140b0a3c71a notificationId=a3a3f31c-95ff-4cc3-b97c-7e3d8fbea67f channel=EMAIL attempt=2
2026-08-18T22:43:24.355+05:30  WARN 4528 --- [delivery-worker] c.notifications.decorator.LoggingSender  : Delivery attempt failed deliveryId=67025303-b462-47f1-9791-3140b0a3c71a channel=EMAIL attempt=2 reason=Email provider temporarily unavailable
]]></system-out>
  <system-err><![CDATA[Mockito is currently self-attaching to enable the inline-mock-maker. This will no longer work in future releases of the JDK. Please add Mockito as an agent to your build as described in Mockito's documentation: https://javadoc.io/doc/org.mockito/mockito-core/latest/org.mockito/org/mockito/Mockito.html#0.3
WARNING: A Java agent has been loaded dynamically (/Users/snehamanohar/.gradle/caches/modules-2/files-2.1/net.bytebuddy/byte-buddy-agent/1.18.12/28bd78b9eeec818a9f99b59c842606d943b89ad4/byte-buddy-agent-1.18.12.jar)
WARNING: If a serviceability tool is in use, please run with -XX:+EnableDynamicAgentLoading to hide this warning
WARNING: If a serviceability tool is not in use, please run with -Djdk.instrument.traceUsage for more information
WARNING: Dynamic loading of agents will be disallowed by default in a future release
]]></system-err>
</testsuite>
