<?xml version="1.0" encoding="UTF-8"?>
<testsuite name="com.notifications.service.NotificationStatusAggregatorTest" tests="5" skipped="0" failures="0" errors="0" timestamp="2026-08-18T17:13:25.495Z" hostname="Snehas-MacBook-Pro.local" time="0.001">
  <properties/>
  <testcase name="accepted_whenNoDeliveriesExist()" classname="com.notifications.service.NotificationStatusAggregatorTest" time="0.0"/>
  <testcase name="delivered_whenAllDeliveriesSucceeded()" classname="com.notifications.service.NotificationStatusAggregatorTest" time="0.0"/>
  <testcase name="failed_whenAllDeliveriesTerminallyFailed()" classname="com.notifications.service.NotificationStatusAggregatorTest" time="0.001"/>
  <testcase name="partiallyDelivered_whenMixOfSuccessAndTerminalFailure()" classname="com.notifications.service.NotificationStatusAggregatorTest" time="0.0"/>
  <testcase name="inProgress_whenAnyDeliveryStillPending()" classname="com.notifications.service.NotificationStatusAggregatorTest" time="0.0"/>
  <system-out><![CDATA[]]></system-out>
  <system-err><![CDATA[]]></system-err>
</testsuite>
