<?xml version="1.0" encoding="UTF-8"?>
<testsuite name="com.notifications.sender.NotificationSenderFactoryTest" tests="2" skipped="0" failures="0" errors="0" timestamp="2026-08-18T17:13:25.495Z" hostname="Snehas-MacBook-Pro.local" time="0.0">
  <properties/>
  <testcase name="throwsForUnregisteredChannel()" classname="com.notifications.sender.NotificationSenderFactoryTest" time="0.0"/>
  <testcase name="returnsRegisteredSenderForChannel()" classname="com.notifications.sender.NotificationSenderFactoryTest" time="0.0"/>
  <system-out><![CDATA[]]></system-out>
  <system-err><![CDATA[]]></system-err>
</testsuite>
