<?xml version="1.0" encoding="UTF-8"?>
<testsuite name="com.notifications.ratelimit.TokenBucketRateLimiterTest" tests="3" skipped="0" failures="0" errors="0" timestamp="2026-08-18T17:13:25.438Z" hostname="Snehas-MacBook-Pro.local" time="0.026">
  <properties/>
  <testcase name="allowsUpToCapacityThenRejects()" classname="com.notifications.ratelimit.TokenBucketRateLimiterTest" time="0.0"/>
  <testcase name="buckets_areIndependentPerKey()" classname="com.notifications.ratelimit.TokenBucketRateLimiterTest" time="0.001"/>
  <testcase name="refillsTokensOverTime()" classname="com.notifications.ratelimit.TokenBucketRateLimiterTest" time="0.025"/>
  <system-out><![CDATA[]]></system-out>
  <system-err><![CDATA[]]></system-err>
</testsuite>
